{
  "stats": {
    "suites": 1,
    "tests": 1,
    "passes": 1,
    "pending": 0,
    "failures": 0,
    "start": "2023-07-19T11:47:53.350Z",
    "end": "2023-07-19T11:48:16.505Z",
    "duration": 23155,
    "testsRegistered": 1,
    "passPercent": 100,
    "pendingPercent": 0,
    "other": 0,
    "hasOther": false,
    "skipped": 0,
    "hasSkipped": false
  },
  "results": [
    {
      "uuid": "efb5d052-9533-4311-8ae5-43b88fad8772",
      "title": "",
      "fullFile": "cypress\\e2e\\expath.cy.js",
      "file": "cypress\\e2e\\expath.cy.js",
      "beforeHooks": [],
      "afterHooks": [],
      "tests": [],
      "suites": [
        {
          "uuid": "f9240eb3-38dd-4d9a-9b26-57f275b8b463",
          "title": "Xpath",
          "fullFile": "",
          "file": "",
          "beforeHooks": [],
          "afterHooks": [],
          "tests": [
            {
              "title": "find no of products",
              "fullTitle": "Xpath find no of products",
              "timedOut": null,
              "duration": 14006,
              "state": "passed",
              "speed": "slow",
              "pass": true,
              "fail": false,
              "pending": false,
              "context": null,
              "code": "cy.visit('https://www.flipkart.com');\nit('finds list items', () => {\n  cy.xpath('//ul[@class=\"todo-list\"]//li').should('have.length', 3);\n});",
              "err": {},
              "uuid": "a0e0e83d-250d-4890-86df-558cfbe21b04",
              "parentUUID": "f9240eb3-38dd-4d9a-9b26-57f275b8b463",
              "isHook": false,
              "skipped": false
            }
          ],
          "suites": [],
          "passes": [
            "a0e0e83d-250d-4890-86df-558cfbe21b04"
          ],
          "failures": [],
          "pending": [],
          "skipped": [],
          "duration": 14006,
          "root": false,
          "rootEmpty": false,
          "_timeout": 2000
        }
      ],
      "passes": [],
      "failures": [],
      "pending": [],
      "skipped": [],
      "duration": 0,
      "root": true,
      "rootEmpty": true,
      "_timeout": 2000
    }
  ],
  "meta": {
    "mocha": {
      "version": "7.0.1"
    },
    "mochawesome": {
      "options": {
        "quiet": false,
        "reportFilename": "mochawesome",
        "saveHtml": true,
        "saveJson": true,
        "consoleReporter": "spec",
        "useInlineDiffs": false,
        "code": true
      },
      "version": "7.1.3"
    },
    "marge": {
      "options": null,
      "version": "6.2.0"
    }
  }
}